<?xml version="1.0" encoding="UTF-8"?>
<testsuite xmlns:xsi="http://www.w3.org/2001/XMLSchema-instance" xsi:noNamespaceSchemaLocation="https://maven.apache.org/surefire/maven-surefire-plugin/xsd/surefire-test-report.xsd" name="fpt.capstone.DepartmentServiceImplTest" time="0.312" tests="37" errors="0" skipped="0" failures="0">
  <properties>
[...]
</properties>
  <testcase name="insertDepartment_1" classname="fpt.capstone.DepartmentServiceImplTest" time="0.198"/>
  <testcase name="insertDepartment_2" classname="fpt.capstone.DepartmentServiceImplTest" time="0.01"/>
  <testcase name="insertDepartment_3" classname="fpt.capstone.DepartmentServiceImplTest" time="0.008"/>
  <testcase name="insertDepartment_4" classname="fpt.capstone.DepartmentServiceImplTest" time="0.004"/>
  <testcase name="insertDepartment_5" classname="fpt.capstone.DepartmentServiceImplTest" time="0.002"/>
  <testcase name="insertDepartment_6" classname="fpt.capstone.DepartmentServiceImplTest" time="0.003"/>
  <testcase name="updateDepartment_1" classname="fpt.capstone.DepartmentServiceImplTest" time="0.002"/>
  <testcase name="updateDepartment_2" classname="fpt.capstone.DepartmentServiceImplTest" time="0.002"/>
  <testcase name="updateDepartment_3" classname="fpt.capstone.DepartmentServiceImplTest" time="0.002"/>
  <testcase name="updateDepartment_4" classname="fpt.capstone.DepartmentServiceImplTest" time="0.003"/>
  <testcase name="updateDepartment_5" classname="fpt.capstone.DepartmentServiceImplTest" time="0.003"/>
  <testcase name="updateDepartment_6" classname="fpt.capstone.DepartmentServiceImplTest" time="0.003"/>
  <testcase name="updateDepartment_7" classname="fpt.capstone.DepartmentServiceImplTest" time="0.005"/>
  <testcase name="updateDepartment_8" classname="fpt.capstone.DepartmentServiceImplTest" time="0.004"/>
  <testcase name="updateDepartment_9" classname="fpt.capstone.DepartmentServiceImplTest" time="0.003"/>
  <testcase name="getDropDownValues" classname="fpt.capstone.DepartmentServiceImplTest" time="0.001"/>
  <testcase name="getDropdownForClassRoom" classname="fpt.capstone.DepartmentServiceImplTest" time="0.001"/>
  <testcase name="checkUpdateParentAndType_1" classname="fpt.capstone.DepartmentServiceImplTest" time="0.001"/>
  <testcase name="checkUpdateParentAndType_2" classname="fpt.capstone.DepartmentServiceImplTest" time="0.003"/>
  <testcase name="checkUpdateParentAndType_3" classname="fpt.capstone.DepartmentServiceImplTest" time="0.002"/>
  <testcase name="checkUpdateParentAndType_4" classname="fpt.capstone.DepartmentServiceImplTest" time="0.003"/>
  <testcase name="checkUpdateParentAndType_5" classname="fpt.capstone.DepartmentServiceImplTest" time="0.003"/>
  <testcase name="getAllParentDepartment" classname="fpt.capstone.DepartmentServiceImplTest" time="0.001"/>
  <testcase name="getAllDepartments" classname="fpt.capstone.DepartmentServiceImplTest" time="0.002"/>
  <testcase name="getDropDownValuesWithType" classname="fpt.capstone.DepartmentServiceImplTest" time="0.001"/>
  <testcase name="getDepartmentAndParentDepartment" classname="fpt.capstone.DepartmentServiceImplTest" time="0.002"/>
  <testcase name="updateDepartment_10" classname="fpt.capstone.DepartmentServiceImplTest" time="0.003"/>
  <testcase name="searchDepartmentsByCodeOrName" classname="fpt.capstone.DepartmentServiceImplTest" time="0.001"/>
  <testcase name="getDepartmentByParentID" classname="fpt.capstone.DepartmentServiceImplTest" time="0.001"/>
  <testcase name="getDepartmentByParentId" classname="fpt.capstone.DepartmentServiceImplTest" time="0.002"/>
  <testcase name="deleteDepartment_1" classname="fpt.capstone.DepartmentServiceImplTest" time="0.003"/>
  <testcase name="deleteDepartment_2" classname="fpt.capstone.DepartmentServiceImplTest" time="0.002"/>
  <testcase name="deleteDepartment_3" classname="fpt.capstone.DepartmentServiceImplTest" time="0.003"/>
  <testcase name="deleteDepartment_4" classname="fpt.capstone.DepartmentServiceImplTest" time="0.002"/>
  <testcase name="deleteDepartment_5" classname="fpt.capstone.DepartmentServiceImplTest" time="0.004"/>
  <testcase name="deleteDepartment_6" classname="fpt.capstone.DepartmentServiceImplTest" time="0"/>
  <testcase name="deleteDepartment_7" classname="fpt.capstone.DepartmentServiceImplTest" time="0.002"/>
</testsuite>